
[31;01mExtension error:[39;49;00m
Could not import extension sphinx.builders.latex (exception: cannot import name 'contextfunction' from 'jinja2' (/home/ryusei/.local/lib/python3.8/site-packages/jinja2/__init__.py))
make[2]: *** [docs/CMakeFiles/build_doc.dir/build.make:58: docs/CMakeFiles/build_doc] ã‚¨ãƒ©ãƒ¼ 2
make[1]: *** [CMakeFiles/Makefile2:3089: docs/CMakeFiles/build_doc.dir/all] ã‚¨ãƒ©ãƒ¼ 2
make[1]: *** æœªå®Œäº†ã®ã‚¸ãƒ§ãƒ–ã‚’å¾…ã£ã¦ã„ã¾ã™....
make: *** [Makefile:141: all] ã‚¨ãƒ©ãƒ¼ 2
